<?xml version="1.0" encoding="UTF-8"?>
<!-- Generated by org.testng.reporters.JUnitReportReporter -->
<testsuite hostname="LAPTOP-BT0O8U0O" failures="0" tests="3" name="Selenium.test.HolidayShoppingTest" time="15.385" errors="0" timestamp="17 Dec 2020 02:18:53 GMT" skipped="0">
  <testcase classname="Selenium.test.HolidayShoppingTest" name="mainPageTest" time="12.167"/>
  <testcase classname="Selenium.test.HolidayShoppingTest" name="filterByColorTest" time="1.532"/>
  <testcase classname="Selenium.test.HolidayShoppingTest" name="produceDetailsTest" time="1.686"/>
</testsuite> <!-- Selenium.test.HolidayShoppingTest -->
